Exporter version: 5.1.0, Blender version: 2.78 (sub 0)
========= Conversion from Blender to Babylon.js =========
	Scene settings used:
		selected layers only:  false
		flat shading entire scene:  false
		texture Method:  LEGACY
		texture directory:  C:\Users\Kon\Documents\dev\purescript-babylon\example\sandbox\public\alice\
	Python World class constructor completed
	processing begun of skeleton:  alice, id:  0
		processing begun of bone:  Root, index:  0
		processing begun of bone:  pelvis, index:  1
		processing begun of bone:  spine_01, index:  2
		processing begun of bone:  spine_02, index:  3
		processing begun of bone:  spine_03, index:  4
		processing begun of bone:  clavicle_l, index:  5
		processing begun of bone:  upperarm_l, index:  6
		processing begun of bone:  lowerarm_l, index:  7
		processing begun of bone:  hand_l, index:  8
		processing begun of bone:  index_01_l, index:  9
		processing begun of bone:  index_02_l, index:  10
		processing begun of bone:  index_03_l, index:  11
		processing begun of bone:  middle_01_l, index:  12
		processing begun of bone:  middle_02_l, index:  13
		processing begun of bone:  middle_03_l, index:  14
		processing begun of bone:  pinky_01_l, index:  15
		processing begun of bone:  pinky_02_l, index:  16
		processing begun of bone:  pinky_03_l, index:  17
		processing begun of bone:  ring_01_l, index:  18
		processing begun of bone:  ring_02_l, index:  19
		processing begun of bone:  ring_03_l, index:  20
		processing begun of bone:  thumb_01_l, index:  21
		processing begun of bone:  thumb_02_l, index:  22
		processing begun of bone:  thumb_03_l, index:  23
		processing begun of bone:  clavicle_r, index:  24
		processing begun of bone:  upperarm_r, index:  25
		processing begun of bone:  lowerarm_r, index:  26
		processing begun of bone:  hand_r, index:  27
		processing begun of bone:  index_01_r, index:  28
		processing begun of bone:  index_02_r, index:  29
		processing begun of bone:  index_03_r, index:  30
		processing begun of bone:  middle_01_r, index:  31
		processing begun of bone:  middle_02_r, index:  32
		processing begun of bone:  middle_03_r, index:  33
		processing begun of bone:  pinky_01_r, index:  34
		processing begun of bone:  pinky_02_r, index:  35
		processing begun of bone:  pinky_03_r, index:  36
		processing begun of bone:  ring_01_r, index:  37
		processing begun of bone:  ring_02_r, index:  38
		processing begun of bone:  ring_03_r, index:  39
		processing begun of bone:  thumb_01_r, index:  40
		processing begun of bone:  thumb_02_r, index:  41
		processing begun of bone:  thumb_03_r, index:  42
		processing begun of bone:  neck_01, index:  43
		processing begun of bone:  head, index:  44
		processing begun of bone:  thigh_l, index:  45
		processing begun of bone:  calf_l, index:  46
		processing begun of bone:  foot_l, index:  47
		processing begun of bone:  ball_l, index:  48
		processing begun of bone:  thigh_r, index:  49
		processing begun of bone:  calf_r, index:  50
		processing begun of bone:  foot_r, index:  51
		processing begun of bone:  ball_r, index:  52
	processing begun of mesh:  Skirt.001
		processing begun of Standard material:  Shirts
		num positions      :  96
		num normals        :  96
		num uvs            :  0
		num uvs2           :  0
		num colors         :  0
		num indices        :  384
	processing begun of mesh:  Skirt
		processing begun of Standard material:  Skirt
		num positions      :  97
		num normals        :  97
		num uvs            :  0
		num uvs2           :  0
		num colors         :  0
		num indices        :  480
	processing begun of mesh:  alice-base.001
		processing begun of Standard material:  DefaultSkin
		registered as also a user of material:  Shirts
		registered as also a user of material:  Skirt
		processing begun of Standard material:  hair
		processing begun of multimaterial:  alice.Multimaterial#0
		num positions      :  235
		num normals        :  235
		num uvs            :  470
		num uvs2           :  0
		num colors         :  0
		num indices        :  1224
		Skeleton stats:  
			Total Influencers:  367
			Avg # of influencers per vertex:  1.5617
			Highest # of influencers observed:  3, num vertices with this:  24
			exported as 3 influencers
			num skeletonWeights and skeletonIndices:  940
	processing begun of mesh:  alice-base
		registered as also a user of material:  DefaultSkin
		registered as also a user of material:  Shirts
		registered as also a user of material:  Skirt
		registered as also a user of material:  hair
		processing begun of Standard material:  shoes
		processing begun of multimaterial:  alice.Multimaterial#1
		num positions      :  4131
		num normals        :  4131
		num uvs            :  8262
		num uvs2           :  0
		num colors         :  0
		num indices        :  18822
		Skeleton stats:  
			Total Influencers:  8047
			Avg # of influencers per vertex:  1.948
			Highest # of influencers observed:  6, num vertices with this:  3
			exported as 6 influencers
			num skeletonWeights and skeletonIndices:  33048
	processing begun of camera (FreeCamera):  Camera
	processing begun of light (HEMI):  Lamp
========= Writing of scene file started =========
========= Writing of scene file completed =========
========= end of processing =========
elapsed time:  0 min, 5.7939 secs
